
2024/07/14 (22:46:42) | ===> btop++ v.1.3.2
2024/07/14 (22:46:42) | WARNING: NVML: Failed to get maximum GPU power draw, defaulting to 225W: Not Supported

2024/07/14 (23:16:16) | ===> btop++ v.1.3.2
2024/07/14 (23:16:16) | WARNING: NVML: Failed to get maximum GPU power draw, defaulting to 225W: Not Supported

2024/07/14 (23:17:04) | ===> btop++ v.1.3.2
2024/07/14 (23:17:04) | WARNING: NVML: Failed to get maximum GPU power draw, defaulting to 225W: Not Supported

2024/07/14 (23:17:14) | ===> btop++ v.1.3.2
2024/07/14 (23:17:14) | WARNING: NVML: Failed to get maximum GPU power draw, defaulting to 225W: Not Supported

2024/07/14 (23:17:24) | ===> btop++ v.1.3.2
2024/07/14 (23:17:24) | WARNING: NVML: Failed to get maximum GPU power draw, defaulting to 225W: Not Supported

2024/07/14 (23:58:33) | ===> btop++ v.1.3.2
2024/07/14 (23:58:33) | WARNING: NVML: Failed to get maximum GPU power draw, defaulting to 225W: Not Supported

2024/07/15 (00:16:20) | ===> btop++ v.1.3.2
2024/07/15 (00:16:20) | WARNING: NVML: Failed to get maximum GPU power draw, defaulting to 225W: Not Supported

2024/07/17 (13:07:37) | ===> btop++ v.1.3.2
2024/07/17 (13:07:37) | WARNING: NVML: Failed to get maximum GPU power draw, defaulting to 225W: Not Supported
2024/07/17 (13:07:43) | ERROR: Stall in Runner thread, restarting!
2024/07/17 (13:07:49) | ERROR: Stall in Runner thread, restarting!

2024/07/17 (13:08:00) | ===> btop++ v.1.3.2
2024/07/17 (13:08:00) | WARNING: NVML: Failed to get maximum GPU power draw, defaulting to 225W: Not Supported
2024/07/17 (13:08:06) | ERROR: Stall in Runner thread, restarting!
2024/07/17 (13:08:12) | ERROR: Stall in Runner thread, restarting!

2024/07/17 (15:22:48) | ===> btop++ v.1.3.2
2024/07/17 (15:22:48) | WARNING: NVML: Failed to get maximum GPU power draw, defaulting to 225W: Not Supported

2024/07/24 (21:02:29) | ===> btop++ v.1.3.2
2024/07/24 (21:02:29) | WARNING: NVML: Failed to get maximum GPU power draw, defaulting to 225W: Not Supported
2024/07/24 (21:02:35) | ERROR: Stall in Runner thread, restarting!

2024/07/24 (21:02:53) | ===> btop++ v.1.3.2
2024/07/24 (21:02:53) | WARNING: NVML: Failed to get maximum GPU power draw, defaulting to 225W: Not Supported
2024/07/24 (21:02:59) | ERROR: Stall in Runner thread, restarting!
2024/07/24 (21:03:05) | WARNING: Failed to join _runner thread on exit!

2024/07/24 (21:03:59) | ===> btop++ v.1.3.2
2024/07/24 (21:03:59) | WARNING: NVML: Failed to get maximum GPU power draw, defaulting to 225W: Not Supported

2024/07/26 (23:44:50) | ===> btop++ v.1.3.2
2024/07/26 (23:44:50) | WARNING: NVML: Failed to get maximum GPU power draw, defaulting to 225W: Not Supported

2024/08/02 (11:52:54) | ===> btop++ v.1.3.2
2024/08/02 (11:52:54) | WARNING: NVML: Failed to get maximum GPU power draw, defaulting to 225W: Not Supported

2024/08/16 (17:13:54) | ===> btop++ v.1.3.2
2024/08/16 (17:13:54) | WARNING: NVML: Failed to get maximum GPU power draw, defaulting to 225W: Not Supported

2024/08/24 (13:22:30) | ===> btop++ v.1.3.2
2024/08/24 (13:22:30) | WARNING: NVML: Failed to get maximum GPU power draw, defaulting to 225W: Not Supported

2024/08/28 (23:42:41) | ===> btop++ v.1.3.2
2024/08/28 (23:42:41) | WARNING: NVML: Failed to get maximum GPU power draw, defaulting to 225W: Not Supported

2024/08/30 (20:01:02) | ===> btop++ v.1.3.2
2024/08/30 (20:01:02) | WARNING: NVML: Failed to get maximum GPU power draw, defaulting to 225W: Not Supported

2024/08/30 (20:01:18) | ===> btop++ v.1.3.2
2024/08/30 (20:01:18) | WARNING: NVML: Failed to get maximum GPU power draw, defaulting to 225W: Not Supported

2024/08/30 (20:01:34) | ===> btop++ v.1.3.2
2024/08/30 (20:01:34) | WARNING: NVML: Failed to get maximum GPU power draw, defaulting to 225W: Not Supported

2024/08/31 (16:17:30) | ===> btop++ v.1.3.2
2024/08/31 (16:17:30) | WARNING: NVML: Failed to get maximum GPU power draw, defaulting to 225W: Not Supported

2024/09/04 (00:20:43) | ===> btop++ v.1.3.2
2024/09/04 (00:20:43) | WARNING: NVML: Failed to get maximum GPU power draw, defaulting to 225W: Not Supported

2024/09/04 (00:27:09) | ===> btop++ v.1.3.2
2024/09/04 (00:27:09) | WARNING: NVML: Failed to get maximum GPU power draw, defaulting to 225W: Not Supported

2024/09/04 (00:31:08) | ===> btop++ v.1.3.2
2024/09/04 (00:31:08) | WARNING: NVML: Failed to get maximum GPU power draw, defaulting to 225W: Not Supported

2024/09/04 (00:31:43) | ===> btop++ v.1.3.2
2024/09/04 (00:31:43) | WARNING: NVML: Failed to get maximum GPU power draw, defaulting to 225W: Not Supported

2024/09/04 (02:16:54) | ===> btop++ v.1.3.2
2024/09/04 (02:16:54) | WARNING: NVML: Failed to get maximum GPU power draw, defaulting to 225W: Not Supported

2024/09/05 (15:09:04) | ===> btop++ v.1.3.2
2024/09/05 (15:09:04) | WARNING: NVML: Failed to get maximum GPU power draw, defaulting to 225W: Not Supported

2024/09/05 (15:15:18) | ===> btop++ v.1.3.2
2024/09/05 (15:15:18) | WARNING: NVML: Failed to get maximum GPU power draw, defaulting to 225W: Not Supported

2024/09/05 (15:26:47) | ===> btop++ v.1.3.2
2024/09/05 (15:26:47) | WARNING: NVML: Failed to get maximum GPU power draw, defaulting to 225W: Not Supported

2024/09/05 (15:27:23) | ===> btop++ v.1.3.2
2024/09/05 (15:27:23) | WARNING: NVML: Failed to get maximum GPU power draw, defaulting to 225W: Not Supported

2024/09/08 (11:48:07) | ===> btop++ v.1.3.2
2024/09/08 (11:48:07) | WARNING: NVML: Failed to get maximum GPU power draw, defaulting to 225W: Not Supported

2024/09/16 (15:12:26) | ===> btop++ v.1.3.2
2024/09/16 (15:12:26) | WARNING: NVML: Failed to get maximum GPU power draw, defaulting to 225W: Not Supported

2024/09/17 (12:53:54) | ===> btop++ v.1.3.2
2024/09/17 (12:53:54) | WARNING: NVML: Failed to get maximum GPU power draw, defaulting to 225W: Not Supported
2024/09/17 (12:54:30) | ERROR: Exception during Config::unlock() : unordered_map::at

2024/09/17 (12:54:36) | ===> btop++ v.1.3.2
2024/09/17 (12:54:36) | WARNING: NVML: Failed to get maximum GPU power draw, defaulting to 225W: Not Supported

2024/09/17 (13:20:00) | ===> btop++ v.1.3.2
2024/09/17 (13:20:00) | WARNING: NVML: Failed to get maximum GPU power draw, defaulting to 225W: Not Supported

2024/09/17 (14:32:20) | ===> btop++ v.1.3.2
2024/09/17 (14:32:20) | WARNING: NVML: Failed to get maximum GPU power draw, defaulting to 225W: Not Supported

2024/09/18 (17:05:32) | ===> btop++ v.1.3.2
2024/09/18 (17:05:32) | WARNING: NVML: Failed to get maximum GPU power draw, defaulting to 225W: Not Supported
2024/09/18 (17:05:40) | ERROR: Stall in Runner thread, restarting!

2024/09/18 (17:05:46) | ===> btop++ v.1.3.2
2024/09/18 (17:05:46) | WARNING: NVML: Failed to get maximum GPU power draw, defaulting to 225W: Not Supported
2024/09/18 (17:05:52) | ERROR: Stall in Runner thread, restarting!
2024/09/18 (17:05:58) | ERROR: Stall in Runner thread, restarting!
2024/09/18 (17:06:04) | ERROR: Stall in Runner thread, restarting!
2024/09/18 (17:06:10) | ERROR: Stall in Runner thread, restarting!
2024/09/18 (17:06:16) | ERROR: Stall in Runner thread, restarting!
2024/09/18 (17:06:22) | ERROR: Stall in Runner thread, restarting!
2024/09/18 (17:06:28) | ERROR: Stall in Runner thread, restarting!
2024/09/18 (17:06:34) | ERROR: Stall in Runner thread, restarting!
2024/09/18 (17:06:40) | ERROR: Stall in Runner thread, restarting!
2024/09/18 (17:06:46) | ERROR: Stall in Runner thread, restarting!

2024/09/18 (20:23:39) | ===> btop++ v.1.3.2
2024/09/18 (20:23:39) | WARNING: NVML: Failed to get maximum GPU power draw, defaulting to 225W: Not Supported

2024/09/21 (15:57:03) | ===> btop++ v.1.3.2
2024/09/21 (15:57:03) | WARNING: NVML: Failed to get maximum GPU power draw, defaulting to 225W: Not Supported
2024/09/21 (15:57:11) | ERROR: Stall in Runner thread, restarting!
2024/09/21 (15:57:17) | ERROR: Stall in Runner thread, restarting!
2024/09/21 (15:57:23) | ERROR: Stall in Runner thread, restarting!
2024/09/21 (15:57:29) | ERROR: Stall in Runner thread, restarting!
2024/09/21 (15:57:35) | ERROR: Stall in Runner thread, restarting!
2024/09/21 (15:57:41) | ERROR: Stall in Runner thread, restarting!
2024/09/21 (15:57:47) | ERROR: Stall in Runner thread, restarting!
2024/09/21 (15:57:53) | ERROR: Stall in Runner thread, restarting!
2024/09/21 (15:57:59) | ERROR: Stall in Runner thread, restarting!
2024/09/21 (15:58:05) | ERROR: Stall in Runner thread, restarting!
2024/09/21 (15:58:11) | ERROR: Stall in Runner thread, restarting!
2024/09/21 (15:58:17) | ERROR: Stall in Runner thread, restarting!
2024/09/21 (15:58:23) | ERROR: Stall in Runner thread, restarting!
2024/09/21 (15:58:29) | ERROR: Stall in Runner thread, restarting!
2024/09/21 (15:58:35) | ERROR: Stall in Runner thread, restarting!
2024/09/21 (15:58:41) | ERROR: Stall in Runner thread, restarting!
2024/09/21 (15:58:47) | ERROR: Stall in Runner thread, restarting!
2024/09/21 (15:58:53) | ERROR: Stall in Runner thread, restarting!
2024/09/21 (15:58:59) | ERROR: Stall in Runner thread, restarting!
2024/09/21 (15:59:05) | ERROR: Stall in Runner thread, restarting!
2024/09/21 (15:59:11) | ERROR: Stall in Runner thread, restarting!
2024/09/21 (15:59:17) | ERROR: Stall in Runner thread, restarting!
2024/09/21 (15:59:23) | ERROR: Stall in Runner thread, restarting!
2024/09/21 (15:59:29) | ERROR: Stall in Runner thread, restarting!
2024/09/21 (15:59:35) | ERROR: Stall in Runner thread, restarting!
2024/09/21 (15:59:41) | ERROR: Stall in Runner thread, restarting!
2024/09/21 (15:59:47) | ERROR: Stall in Runner thread, restarting!
2024/09/21 (15:59:53) | ERROR: Stall in Runner thread, restarting!
2024/09/21 (15:59:59) | ERROR: Stall in Runner thread, restarting!
2024/09/21 (16:00:05) | ERROR: Stall in Runner thread, restarting!
2024/09/21 (16:00:11) | ERROR: Stall in Runner thread, restarting!
2024/09/21 (16:00:17) | ERROR: Stall in Runner thread, restarting!
2024/09/21 (16:00:23) | ERROR: Stall in Runner thread, restarting!
2024/09/21 (16:00:29) | ERROR: Stall in Runner thread, restarting!
2024/09/21 (16:00:35) | ERROR: Stall in Runner thread, restarting!
2024/09/21 (16:00:41) | ERROR: Stall in Runner thread, restarting!

2024/09/26 (13:49:41) | ===> btop++ v.1.3.2
2024/09/26 (13:49:41) | WARNING: NVML: Failed to get maximum GPU power draw, defaulting to 225W: Not Supported

2024/09/27 (00:45:29) | ===> btop++ v.1.3.2
2024/09/27 (00:45:29) | WARNING: NVML: Failed to get maximum GPU power draw, defaulting to 225W: Not Supported

2024/09/27 (06:45:12) | ===> btop++ v.1.3.2
2024/09/27 (06:45:12) | WARNING: NVML: Failed to get maximum GPU power draw, defaulting to 225W: Not Supported
2024/09/27 (06:45:18) | ERROR: Stall in Runner thread, restarting!
2024/09/27 (06:45:24) | ERROR: Stall in Runner thread, restarting!

2024/09/27 (23:43:26) | ===> btop++ v.1.4.0
2024/09/27 (23:43:26) | WARNING: NVML: Failed to get maximum GPU power draw, defaulting to 225W: Not Supported

2024/09/29 (18:47:39) | ===> btop++ v.1.4.0
2024/09/29 (18:47:39) | WARNING: NVML: Failed to get maximum GPU power draw, defaulting to 225W: Not Supported

2024/10/04 (11:01:31) | ===> btop++ v.1.4.0
2024/10/04 (11:01:31) | WARNING: NVML: Failed to get maximum GPU power draw, defaulting to 225W: Not Supported

2024/10/12 (09:46:15) | ===> btop++ v.1.4.0
2024/10/12 (09:46:15) | WARNING: NVML: Failed to get maximum GPU power draw, defaulting to 225W: Not Supported

2024/10/12 (18:50:38) | ===> btop++ v.1.4.0
2024/10/12 (18:50:38) | WARNING: NVML: Failed to get maximum GPU power draw, defaulting to 225W: Not Supported

2024/10/12 (18:53:29) | ===> btop++ v.1.4.0
2024/10/12 (18:53:29) | WARNING: NVML: Failed to get maximum GPU power draw, defaulting to 225W: Not Supported

2024/10/12 (18:55:34) | ===> btop++ v.1.4.0
2024/10/12 (18:55:34) | WARNING: NVML: Failed to get maximum GPU power draw, defaulting to 225W: Not Supported

2024/10/12 (21:14:04) | ===> btop++ v.1.4.0
2024/10/12 (21:14:04) | WARNING: NVML: Failed to get maximum GPU power draw, defaulting to 225W: Not Supported

2024/10/13 (12:28:20) | ===> btop++ v.1.4.0
2024/10/13 (12:28:20) | WARNING: NVML: Failed to get maximum GPU power draw, defaulting to 225W: Not Supported

2024/10/13 (23:15:30) | ===> btop++ v.1.4.0
2024/10/13 (23:15:30) | WARNING: NVML: Failed to get maximum GPU power draw, defaulting to 225W: Not Supported

2024/10/13 (23:15:40) | ===> btop++ v.1.4.0
2024/10/13 (23:15:40) | WARNING: NVML: Failed to get maximum GPU power draw, defaulting to 225W: Not Supported

2024/10/13 (23:16:22) | ===> btop++ v.1.4.0
2024/10/13 (23:16:22) | WARNING: NVML: Failed to get maximum GPU power draw, defaulting to 225W: Not Supported

2024/10/13 (23:16:26) | ===> btop++ v.1.4.0
2024/10/13 (23:16:26) | WARNING: NVML: Failed to get maximum GPU power draw, defaulting to 225W: Not Supported

2024/10/14 (12:34:58) | ===> btop++ v.1.4.0
2024/10/14 (12:34:58) | WARNING: NVML: Failed to get maximum GPU power draw, defaulting to 225W: Not Supported

2024/10/14 (12:35:26) | ===> btop++ v.1.4.0
2024/10/14 (12:35:26) | WARNING: NVML: Failed to get maximum GPU power draw, defaulting to 225W: Not Supported

2024/10/21 (12:44:47) | ===> btop++ v.1.4.0
2024/10/21 (12:44:47) | WARNING: NVML: Failed to get maximum GPU power draw, defaulting to 225W: Not Supported

2024/10/22 (18:46:20) | ===> btop++ v.1.4.0
2024/10/22 (18:46:20) | WARNING: NVML: Failed to get maximum GPU power draw, defaulting to 225W: Not Supported

2024/10/24 (14:42:51) | ===> btop++ v.1.4.0
2024/10/24 (14:42:51) | WARNING: NVML: Failed to get maximum GPU power draw, defaulting to 225W: Not Supported

2024/10/27 (11:08:23) | ===> btop++ v.1.4.0
2024/10/27 (11:08:23) | WARNING: NVML: Failed to get maximum GPU power draw, defaulting to 225W: Not Supported

2024/10/28 (12:32:20) | ===> btop++ v.1.4.0
2024/10/28 (12:32:20) | WARNING: NVML: Failed to get maximum GPU power draw, defaulting to 225W: Not Supported

2024/10/30 (23:33:00) | ===> btop++ v.1.4.0
2024/10/30 (23:33:00) | WARNING: NVML: Failed to get maximum GPU power draw, defaulting to 225W: Not Supported

2024/11/17 (10:07:57) | ===> btop++ v.1.4.0
2024/11/17 (10:07:57) | WARNING: NVML: Failed to get maximum GPU power draw, defaulting to 225W: Not Supported

2024/11/17 (10:35:11) | ===> btop++ v.1.4.0
2024/11/17 (10:35:11) | WARNING: NVML: Failed to get maximum GPU power draw, defaulting to 225W: Not Supported

2024/11/18 (21:41:38) | ===> btop++ v.1.4.0
2024/11/18 (21:41:38) | WARNING: NVML: Failed to get maximum GPU power draw, defaulting to 225W: Not Supported

2024/11/19 (14:48:22) | ===> btop++ v.1.4.0
2024/11/19 (14:48:22) | WARNING: NVML: Failed to get maximum GPU power draw, defaulting to 225W: Not Supported

2024/11/23 (14:54:05) | ===> btop++ v.1.4.0
2024/11/23 (14:54:05) | WARNING: NVML: Failed to get maximum GPU power draw, defaulting to 225W: Not Supported

2024/11/23 (17:33:49) | ===> btop++ v.1.4.0
2024/11/23 (17:33:49) | WARNING: NVML: Failed to get maximum GPU power draw, defaulting to 225W: Not Supported

2024/11/23 (17:34:42) | ===> btop++ v.1.4.0
2024/11/23 (17:34:42) | WARNING: NVML: Failed to get maximum GPU power draw, defaulting to 225W: Not Supported

2024/11/23 (17:35:06) | ===> btop++ v.1.4.0
2024/11/23 (17:35:06) | WARNING: NVML: Failed to get maximum GPU power draw, defaulting to 225W: Not Supported

2024/11/23 (22:53:15) | ===> btop++ v.1.4.0
2024/11/23 (22:53:15) | WARNING: NVML: Failed to get maximum GPU power draw, defaulting to 225W: Not Supported

2024/11/24 (11:52:52) | ===> btop++ v.1.4.0
2024/11/24 (11:52:52) | WARNING: NVML: Failed to get maximum GPU power draw, defaulting to 225W: Not Supported

2024/11/25 (14:31:57) | ===> btop++ v.1.4.0
2024/11/25 (14:31:57) | WARNING: NVML: Failed to get maximum GPU power draw, defaulting to 225W: Not Supported

2024/11/25 (16:47:55) | ===> btop++ v.1.4.0
2024/11/25 (16:47:55) | WARNING: NVML: Failed to get maximum GPU power draw, defaulting to 225W: Not Supported

2024/11/25 (17:45:32) | ===> btop++ v.1.4.0
2024/11/25 (17:45:32) | WARNING: NVML: Failed to get maximum GPU power draw, defaulting to 225W: Not Supported

2024/11/25 (17:51:39) | ===> btop++ v.1.4.0
2024/11/25 (17:51:39) | WARNING: NVML: Failed to get maximum GPU power draw, defaulting to 225W: Not Supported

2024/11/25 (17:53:06) | ===> btop++ v.1.4.0
2024/11/25 (17:53:06) | WARNING: NVML: Failed to get maximum GPU power draw, defaulting to 225W: Not Supported

2024/11/25 (17:57:26) | ===> btop++ v.1.4.0
2024/11/25 (17:57:26) | WARNING: NVML: Failed to get maximum GPU power draw, defaulting to 225W: Not Supported

2024/11/25 (22:15:19) | ===> btop++ v.1.4.0
2024/11/25 (22:15:19) | WARNING: NVML: Failed to get maximum GPU power draw, defaulting to 225W: Not Supported

2024/11/25 (22:26:11) | ===> btop++ v.1.4.0
2024/11/25 (22:26:11) | WARNING: NVML: Failed to get maximum GPU power draw, defaulting to 225W: Not Supported

2024/12/02 (18:23:36) | ===> btop++ v.1.4.0
2024/12/02 (18:23:36) | WARNING: NVML: Failed to get maximum GPU power draw, defaulting to 225W: Not Supported

2024/12/02 (21:46:30) | ===> btop++ v.1.4.0
2024/12/02 (21:46:30) | WARNING: NVML: Failed to get maximum GPU power draw, defaulting to 225W: Not Supported

2024/12/02 (22:18:45) | ===> btop++ v.1.4.0
2024/12/02 (22:18:45) | WARNING: NVML: Failed to get maximum GPU power draw, defaulting to 225W: Not Supported

2024/12/03 (00:34:10) | ===> btop++ v.1.4.0
2024/12/03 (00:34:10) | WARNING: NVML: Failed to get maximum GPU power draw, defaulting to 225W: Not Supported

2024/12/03 (14:09:33) | ===> btop++ v.1.4.0
2024/12/03 (14:09:33) | WARNING: NVML: Failed to get maximum GPU power draw, defaulting to 225W: Not Supported

2024/12/03 (18:15:57) | ===> btop++ v.1.4.0
2024/12/03 (18:15:57) | WARNING: NVML: Failed to get maximum GPU power draw, defaulting to 225W: Not Supported

2024/12/03 (19:00:04) | ===> btop++ v.1.4.0
2024/12/03 (19:00:04) | WARNING: NVML: Failed to get maximum GPU power draw, defaulting to 225W: Not Supported

2024/12/03 (22:56:44) | ===> btop++ v.1.4.0
2024/12/03 (22:56:44) | WARNING: NVML: Failed to get maximum GPU power draw, defaulting to 225W: Not Supported

2024/12/04 (14:33:57) | ===> btop++ v.1.4.0
2024/12/04 (14:33:57) | WARNING: NVML: Failed to get maximum GPU power draw, defaulting to 225W: Not Supported

2024/12/04 (14:35:54) | ===> btop++ v.1.4.0
2024/12/04 (14:35:54) | WARNING: NVML: Failed to get maximum GPU power draw, defaulting to 225W: Not Supported

2024/12/04 (14:36:25) | ===> btop++ v.1.4.0
2024/12/04 (14:36:25) | WARNING: NVML: Failed to get maximum GPU power draw, defaulting to 225W: Not Supported

2024/12/04 (15:43:05) | ===> btop++ v.1.4.0
2024/12/04 (15:43:05) | WARNING: NVML: Failed to get maximum GPU power draw, defaulting to 225W: Not Supported

2024/12/04 (18:43:20) | ===> btop++ v.1.4.0
2024/12/04 (18:43:20) | WARNING: NVML: Failed to get maximum GPU power draw, defaulting to 225W: Not Supported

2024/12/10 (23:15:40) | ===> btop++ v.1.4.0
2024/12/10 (23:15:40) | WARNING: NVML: Failed to get maximum GPU power draw, defaulting to 225W: Not Supported

2024/12/23 (23:29:01) | ===> btop++ v.1.4.0
2024/12/23 (23:29:01) | WARNING: NVML: Failed to get maximum GPU power draw, defaulting to 225W: Not Supported
2024/12/23 (23:29:15) | ERROR: Exception during Config::unlock() : unordered_map::at

2024/12/23 (23:29:24) | ===> btop++ v.1.4.0
2024/12/23 (23:29:24) | WARNING: NVML: Failed to get maximum GPU power draw, defaulting to 225W: Not Supported

2024/12/27 (15:19:43) | ===> btop++ v.1.4.0
2024/12/27 (15:19:43) | WARNING: NVML: Failed to get maximum GPU power draw, defaulting to 225W: Not Supported

2025/01/07 (16:13:48) | ===> btop++ v.1.4.0
2025/01/07 (16:13:48) | WARNING: NVML: Failed to get maximum GPU power draw, defaulting to 225W: Not Supported

2025/01/07 (16:14:02) | ===> btop++ v.1.4.0
2025/01/07 (16:14:02) | WARNING: NVML: Failed to get maximum GPU power draw, defaulting to 225W: Not Supported

2025/01/14 (18:13:47) | ===> btop++ v.1.4.0
2025/01/14 (18:13:47) | WARNING: NVML: Failed to get maximum GPU power draw, defaulting to 225W: Not Supported

2025/01/16 (09:30:46) | ===> btop++ v.1.4.0
2025/01/16 (09:30:46) | WARNING: NVML: Failed to get maximum GPU power draw, defaulting to 225W: Not Supported

2025/01/16 (10:02:05) | ===> btop++ v.1.4.0
2025/01/16 (10:02:05) | WARNING: NVML: Failed to get maximum GPU power draw, defaulting to 225W: Not Supported

2025/01/16 (10:14:05) | ===> btop++ v.1.4.0
2025/01/16 (10:14:05) | WARNING: NVML: Failed to get maximum GPU power draw, defaulting to 225W: Not Supported

2025/01/21 (12:41:26) | ===> btop++ v.1.4.0
2025/01/21 (12:41:26) | WARNING: NVML: Failed to get maximum GPU power draw, defaulting to 225W: Not Supported

2025/01/28 (22:03:22) | ===> btop++ v.1.4.0
2025/01/28 (22:03:22) | WARNING: NVML: Failed to get maximum GPU power draw, defaulting to 225W: Not Supported

2025/01/28 (22:08:55) | ===> btop++ v.1.4.0
2025/01/28 (22:08:55) | WARNING: NVML: Failed to get maximum GPU power draw, defaulting to 225W: Not Supported

2025/01/29 (11:35:34) | ===> btop++ v.1.4.0
2025/01/29 (11:35:34) | WARNING: NVML: Failed to get maximum GPU power draw, defaulting to 225W: Not Supported

2025/01/29 (11:39:57) | ===> btop++ v.1.4.0
2025/01/29 (11:39:57) | WARNING: NVML: Failed to get maximum GPU power draw, defaulting to 225W: Not Supported

2025/01/29 (15:51:50) | ===> btop++ v.1.4.0
2025/01/29 (15:51:50) | WARNING: NVML: Failed to get maximum GPU power draw, defaulting to 225W: Not Supported

2025/02/02 (23:13:29) | ===> btop++ v.1.4.0
2025/02/02 (23:13:29) | WARNING: NVML: Failed to get maximum GPU power draw, defaulting to 225W: Not Supported

2025/02/02 (23:13:39) | ===> btop++ v.1.4.0
2025/02/02 (23:13:39) | WARNING: NVML: Failed to get maximum GPU power draw, defaulting to 225W: Not Supported

2025/02/02 (23:14:02) | ===> btop++ v.1.4.0
2025/02/02 (23:14:02) | WARNING: NVML: Failed to get maximum GPU power draw, defaulting to 225W: Not Supported

2025/02/04 (16:43:05) | ===> btop++ v.1.4.0
2025/02/04 (16:43:05) | WARNING: NVML: Failed to get maximum GPU power draw, defaulting to 225W: Not Supported

2025/02/04 (17:55:50) | ===> btop++ v.1.4.0
2025/02/04 (17:55:50) | WARNING: NVML: Failed to get maximum GPU power draw, defaulting to 225W: Not Supported

2025/02/04 (17:56:13) | ===> btop++ v.1.4.0
2025/02/04 (17:56:13) | WARNING: NVML: Failed to get maximum GPU power draw, defaulting to 225W: Not Supported

2025/02/05 (15:06:33) | ===> btop++ v.1.4.0
2025/02/05 (15:06:33) | WARNING: NVML: Failed to get maximum GPU power draw, defaulting to 225W: Not Supported

2025/02/05 (15:07:09) | ===> btop++ v.1.4.0
2025/02/05 (15:07:09) | WARNING: NVML: Failed to get maximum GPU power draw, defaulting to 225W: Not Supported

2025/02/05 (15:15:43) | ===> btop++ v.1.4.0
2025/02/05 (15:15:43) | WARNING: NVML: Failed to get maximum GPU power draw, defaulting to 225W: Not Supported

2025/02/05 (15:16:00) | ===> btop++ v.1.4.0
2025/02/05 (15:16:00) | WARNING: NVML: Failed to get maximum GPU power draw, defaulting to 225W: Not Supported

2025/02/05 (16:05:23) | ===> btop++ v.1.4.0
2025/02/05 (16:05:23) | WARNING: NVML: Failed to get maximum GPU power draw, defaulting to 225W: Not Supported

2025/02/05 (17:05:25) | ===> btop++ v.1.4.0
2025/02/05 (17:05:25) | WARNING: NVML: Failed to get maximum GPU power draw, defaulting to 225W: Not Supported

2025/02/05 (17:10:29) | ===> btop++ v.1.4.0
2025/02/05 (17:10:29) | WARNING: NVML: Failed to get maximum GPU power draw, defaulting to 225W: Not Supported

2025/02/06 (23:32:41) | ===> btop++ v.1.4.0
2025/02/06 (23:32:41) | WARNING: NVML: Failed to get maximum GPU power draw, defaulting to 225W: Not Supported

2025/02/07 (10:37:45) | ===> btop++ v.1.4.0
2025/02/07 (10:37:45) | WARNING: NVML: Failed to get maximum GPU power draw, defaulting to 225W: Not Supported

2025/02/07 (14:20:47) | ===> btop++ v.1.4.0
2025/02/07 (14:20:47) | WARNING: NVML: Failed to get maximum GPU power draw, defaulting to 225W: Not Supported

2025/02/10 (20:10:56) | ===> btop++ v.1.4.0
2025/02/10 (20:10:56) | WARNING: NVML: Failed to get maximum GPU power draw, defaulting to 225W: Not Supported

2025/02/14 (08:36:09) | ===> btop++ v.1.4.0
2025/02/14 (08:36:09) | WARNING: NVML: Failed to get maximum GPU power draw, defaulting to 225W: Not Supported

2025/02/16 (12:43:43) | ===> btop++ v.1.4.0
2025/02/16 (12:43:43) | WARNING: NVML: Failed to get maximum GPU power draw, defaulting to 225W: Not Supported

2025/02/20 (18:27:18) | ===> btop++ v.1.4.0
2025/02/20 (18:27:18) | WARNING: NVML: Failed to get maximum GPU power draw, defaulting to 225W: Not Supported

2025/02/23 (15:01:19) | ===> btop++ v.1.4.0
2025/02/23 (15:01:19) | WARNING: NVML: Failed to get maximum GPU power draw, defaulting to 225W: Not Supported

2025/02/24 (17:22:12) | ===> btop++ v.1.4.0
2025/02/24 (17:22:12) | WARNING: NVML: Failed to get maximum GPU power draw, defaulting to 225W: Not Supported

2025/02/24 (17:22:44) | ===> btop++ v.1.4.0
2025/02/24 (17:22:44) | WARNING: NVML: Failed to get maximum GPU power draw, defaulting to 225W: Not Supported

2025/02/25 (23:16:49) | ===> btop++ v.1.4.0
2025/02/25 (23:16:49) | WARNING: NVML: Failed to get maximum GPU power draw, defaulting to 225W: Not Supported

2025/02/25 (23:17:29) | ===> btop++ v.1.4.0
2025/02/25 (23:17:29) | WARNING: NVML: Failed to get maximum GPU power draw, defaulting to 225W: Not Supported

2025/03/06 (19:04:15) | ===> btop++ v.1.4.0
2025/03/06 (19:04:15) | WARNING: NVML: Failed to get maximum GPU power draw, defaulting to 225W: Not Supported

2025/03/08 (19:39:30) | ===> btop++ v.1.4.0
2025/03/08 (19:39:30) | WARNING: NVML: Failed to get maximum GPU power draw, defaulting to 225W: Not Supported

2025/03/14 (10:16:02) | ===> btop++ v.1.4.0
2025/03/14 (10:16:02) | WARNING: NVML: Failed to get maximum GPU power draw, defaulting to 225W: Not Supported

2025/03/14 (17:44:10) | ===> btop++ v.1.4.0
2025/03/14 (17:44:10) | WARNING: NVML: Failed to get maximum GPU power draw, defaulting to 225W: Not Supported

2025/03/14 (17:47:56) | ===> btop++ v.1.4.0
2025/03/14 (17:47:56) | WARNING: NVML: Failed to get maximum GPU power draw, defaulting to 225W: Not Supported

2025/03/17 (22:57:34) | ===> btop++ v.1.4.0
2025/03/17 (22:57:34) | WARNING: NVML: Failed to get maximum GPU power draw, defaulting to 225W: Not Supported

2025/03/17 (23:06:22) | ===> btop++ v.1.4.0
2025/03/17 (23:06:22) | WARNING: NVML: Failed to get maximum GPU power draw, defaulting to 225W: Not Supported

2025/03/19 (11:21:04) | ===> btop++ v.1.4.0
2025/03/19 (11:21:04) | WARNING: NVML: Failed to get maximum GPU power draw, defaulting to 225W: Not Supported
